{
  "RSpec": {
    "coverage": {
      "/home/pm/projects/hello_monument/config/environment.rb": [
        null,
        1,
        null,
        null,
        1
      ],
      "/home/pm/projects/hello_monument/config/application.rb": [
        1,
        null,
        null,
        1,
        1,
        1,
        1,
        1,
        1,
        null,
        null,
        null,
        null,
        1,
        null,
        1,
        1,
        null,
        null,
        null,
        null,
        null,
        null,
        null,
        null,
        null,
        null,
        null,
        null,
        null
      ],
      "/home/pm/projects/hello_monument/config/boot.rb": [
        null,
        1,
        null,
        1
      ],
      "/home/pm/projects/hello_monument/config/environments/test.rb": [
        1,
        null,
        null,
        null,
        null,
        null,
        null,
        1,
        null,
        null,
        null,
        null,
        1,
        null,
        null,
        1,
        1,
        null,
        null,
        1,
        1,
        null,
        null,
        1,
        null,
        null,
        1,
        null,
        null,
        null,
        null,
        1,
        null,
        null,
        1,
        null,
        null,
        null,
        null
      ],
      "/home/pm/projects/hello_monument/config/initializers/assets.rb": [
        null,
        null,
        null,
        1,
        null,
        null,
        null,
        null
      ],
      "/home/pm/projects/hello_monument/config/initializers/backtrace_silencers.rb": [
        null,
        null,
        null,
        null,
        null,
        null,
        null
      ],
      "/home/pm/projects/hello_monument/config/initializers/cookies_serializer.rb": [
        null,
        null,
        1
      ],
      "/home/pm/projects/hello_monument/config/initializers/devise.rb": [
        null,
        null,
        1,
        null,
        null,
        null,
        null,
        null,
        null,
        null,
        null,
        null,
        1,
        null,
        null,
        null,
        null,
        null,
        null,
        null,
        null,
        1,
        null,
        null,
        null,
        null,
        null,
        null,
        null,
        null,
        null,
        null,
        null,
        null,
        null,
        null,
        null,
        null,
        null,
        null,
        null,
        null,
        null,
        1,
        null,
        null,
        null,
        null,
        1,
        null,
        null,
        null,
        null,
        null,
        null,
        null,
        null,
        null,
        null,
        null,
        null,
        null,
        null,
        null,
        null,
        null,
        null,
        null,
        null,
        null,
        null,
        null,
        null,
        null,
        null,
        null,
        null,
        null,
        null,
        1,
        null,
        null,
        null,
        null,
        null,
        null,
        null,
        null,
        null,
        null,
        null,
        null,
        null,
        null,
        null,
        null,
        1,
        null,
        null,
        null,
        null,
        null,
        null,
        null,
        null,
        null,
        null,
        null,
        null,
        null,
        null,
        null,
        null,
        null,
        null,
        null,
        null,
        null,
        null,
        null,
        null,
        1,
        null,
        null,
        null,
        null,
        null,
        null,
        null,
        null,
        null,
        1,
        null,
        null,
        null,
        null,
        null,
        null,
        null,
        null,
        null,
        null,
        1,
        null,
        null,
        null,
        null,
        null,
        null,
        null,
        null,
        null,
        null,
        null,
        null,
        null,
        null,
        null,
        null,
        null,
        null,
        null,
        null,
        null,
        null,
        null,
        null,
        null,
        null,
        null,
        null,
        null,
        null,
        null,
        null,
        null,
        null,
        null,
        null,
        null,
        null,
        null,
        null,
        null,
        null,
        null,
        null,
        null,
        null,
        null,
        null,
        1,
        null,
        null,
        null,
        null,
        null,
        null,
        null,
        null,
        null,
        null,
        null,
        null,
        null,
        null,
        null,
        null,
        null,
        null,
        null,
        null,
        null,
        null,
        null,
        null,
        null,
        null,
        null,
        null,
        null,
        null,
        null,
        null,
        null,
        null,
        null,
        null,
        null,
        1,
        null,
        null,
        null,
        null,
        null,
        null,
        null,
        null,
        null,
        null,
        null,
        null,
        null,
        null,
        null,
        null,
        null,
        null,
        null,
        null,
        null,
        null,
        null,
        null,
        null,
        null,
        null,
        null,
        null
      ],
      "/home/pm/projects/hello_monument/config/initializers/filter_parameter_logging.rb": [
        null,
        null,
        null,
        1
      ],
      "/home/pm/projects/hello_monument/config/initializers/inflections.rb": [
        null,
        null,
        null,
        null,
        null,
        null,
        null,
        null,
        null,
        null,
        null,
        null,
        null,
        null,
        null,
        null
      ],
      "/home/pm/projects/hello_monument/config/initializers/mime_types.rb": [
        null,
        null,
        null,
        null
      ],
      "/home/pm/projects/hello_monument/config/initializers/session_store.rb": [
        null,
        null,
        1
      ],
      "/home/pm/projects/hello_monument/config/initializers/wrap_parameters.rb": [
        null,
        null,
        null,
        null,
        null,
        null,
        1,
        1,
        null,
        null,
        null,
        null,
        null,
        null
      ],
      "/home/pm/projects/hello_monument/config/routes.rb": [
        1,
        1,
        null,
        1,
        null,
        1,
        null,
        1,
        null,
        1,
        1,
        null,
        null,
        1,
        1,
        null,
        null,
        null,
        null,
        null,
        null,
        null,
        null,
        null,
        null,
        null,
        null,
        null,
        null,
        null,
        null,
        null,
        null,
        null,
        null,
        null,
        null,
        null,
        null,
        null,
        null,
        null,
        null,
        null,
        null,
        null,
        null,
        null,
        null,
        null,
        null,
        null,
        null,
        null,
        null,
        null,
        null,
        null,
        null,
        null,
        null,
        null,
        null,
        null,
        null,
        null,
        null,
        null,
        null,
        null,
        null,
        null
      ],
      "/home/pm/projects/hello_monument/app/models/user.rb": [
        1,
        null,
        null,
        1,
        null,
        null,
        1,
        1,
        null
      ],
      "/home/pm/projects/hello_monument/app/helpers/application_helper.rb": [
        1,
        1,
        1,
        null,
        1,
        null,
        null
      ],
      "/home/pm/projects/hello_monument/app/controllers/collections_controller.rb": [
        1,
        1,
        16,
        null,
        null,
        1,
        2,
        null,
        null,
        1,
        2,
        null,
        2,
        1,
        1,
        null,
        1,
        null,
        null,
        null,
        1,
        2,
        null,
        null,
        1,
        1,
        null,
        1,
        1,
        1,
        null,
        0,
        null,
        null,
        null,
        1,
        1,
        null,
        1,
        null,
        1,
        1,
        null,
        null,
        1,
        null,
        1,
        3,
        null,
        null
      ],
      "/home/pm/projects/hello_monument/app/controllers/application_controller.rb": [
        1,
        null,
        null,
        1,
        null,
        1,
        null
      ],
      "/home/pm/projects/hello_monument/app/controllers/dashboards_controller.rb": [
        1,
        1,
        14,
        2,
        2,
        null,
        12,
        null,
        null,
        null
      ],
      "/home/pm/projects/hello_monument/app/controllers/monuments_controller.rb": [
        1,
        1,
        null,
        1,
        2,
        null,
        null,
        1,
        1,
        null,
        1,
        1,
        1,
        null,
        0,
        null,
        null,
        null,
        1,
        6,
        null,
        null,
        1,
        4,
        null,
        4,
        4,
        4,
        null,
        0,
        null,
        null,
        null,
        1,
        1,
        null,
        1,
        null,
        1,
        1,
        null,
        null,
        1,
        null,
        1,
        14,
        null,
        null,
        1,
        5,
        null,
        null
      ],
      "/home/pm/projects/hello_monument/app/controllers/pictures_controller.rb": [
        1,
        1,
        null,
        1,
        2,
        2,
        null,
        null,
        1,
        2,
        null,
        2,
        1,
        1,
        null,
        1,
        1,
        null,
        null,
        null,
        1,
        null,
        1,
        4,
        null,
        null,
        1,
        2,
        null,
        null,
        1,
        2,
        null,
        2,
        1,
        1,
        1,
        null,
        null,
        2,
        null,
        null,
        1,
        0,
        null,
        null
      ],
      "/home/pm/projects/hello_monument/app/models/search.rb": [
        1,
        1,
        2,
        null,
        null
      ],
      "/home/pm/projects/hello_monument/app/models/search/facade.rb": [
        1,
        1,
        1,
        null,
        1,
        26,
        null,
        null,
        1,
        null,
        null,
        null,
        1,
        7,
        null,
        null,
        null
      ],
      "/home/pm/projects/hello_monument/app/models/storage.rb": [
        1,
        1,
        0,
        null,
        null
      ],
      "/home/pm/projects/hello_monument/app/models/storage/facade.rb": [
        1,
        null,
        null,
        null,
        1,
        1,
        null,
        null,
        null,
        null,
        null,
        null,
        1,
        3,
        null,
        null,
        1,
        2,
        null,
        null,
        null
      ],
      "/home/pm/projects/hello_monument/app/models/collection.rb": [
        1,
        1,
        1,
        null,
        1,
        null,
        null,
        null
      ],
      "/home/pm/projects/hello_monument/app/models/monument.rb": [
        1,
        1,
        1,
        null,
        1,
        null,
        null,
        null,
        1,
        null,
        1,
        null,
        1,
        null,
        1,
        21,
        21,
        null,
        null
      ],
      "/home/pm/projects/hello_monument/app/models/search/index_entry.rb": [
        1,
        1,
        1,
        null,
        null
      ],
      "/home/pm/projects/hello_monument/app/models/search/trigram.rb": [
        1,
        1,
        1,
        null,
        null
      ],
      "/home/pm/projects/hello_monument/app/models/picture_info.rb": [
        1,
        1,
        null,
        1,
        null,
        1,
        null
      ],
      "/home/pm/projects/hello_monument/app/models/storage/picture.rb": [
        null,
        null,
        null,
        null,
        null,
        1,
        1,
        null,
        1,
        null,
        0,
        null,
        null,
        1,
        null,
        1,
        null,
        null,
        1,
        1,
        1,
        1,
        null
      ]
    },
    "timestamp": 1409787459
  }
}
